Command line:
   FinalWatch_tb_isim_beh.exe
     -simmode  gui
     -simrunnum  0
     -socket  56889

Mon Apr 30 15:22:10 2018


 Elaboration Time: 0.046875 sec

 Current Memory Usage: 842.342 Meg

 Total Signals          : 62
 Total Nets             : 63
 Total Signal Drivers   : 21
 Total Blocks           : 10
 Total Primitive Blocks : 8
 Total Processes        : 20
 Total Traceable Variables  : 10
 Total Scalar Nets and Variables : 441
Total Line Count : 66

 Total Simulation Time: 58.4375 sec

 Current Memory Usage: 684.794 Meg

Mon Apr 30 15:23:10 2018

